# JRE version: Java(TM) SE Runtime Environment (8.0_202-b08) (build 1.8.0_202-b08)
# Java VM: Java HotSpot(TM) 64-Bit Server VM (25.202-b08 mixed mode windows-amd64 compressed oops)
Heap:
 PSYoungGen      total 163328K, used 115417K [0x00000000f5580000, 0x00000000fff80000, 0x0000000100000000)
  eden space 152576K, 73% used [0x00000000f5580000,0x00000000fc34d898,0x00000000fea80000)
  from space 10752K, 27% used [0x00000000ff500000,0x00000000ff7e8ec0,0x00000000fff80000)
  to   space 10752K, 0% used [0x00000000fea80000,0x00000000fea80000,0x00000000ff500000)
 ParOldGen       total 194048K, used 75175K [0x00000000e0000000, 0x00000000ebd80000, 0x00000000f5580000)
  object space 194048K, 38% used [0x00000000e0000000,0x00000000e4969c78,0x00000000ebd80000)
 Metaspace       used 83967K, capacity 87102K, committed 87808K, reserved 1124352K
  class space    used 11085K, capacity 11778K, committed 12032K, reserved 1048576K
GC Heap History (10 events):
Event: 141.970 GC heap before
{Heap before GC invocations=57 (full 4):
 PSYoungGen      total 160256K, used 154775K [0x00000000f5580000, 0x00000000ffe80000, 0x0000000100000000)
  eden space 149504K, 100% used [0x00000000f5580000,0x00000000fe780000,0x00000000fe780000)
  from space 10752K, 49% used [0x00000000ff400000,0x00000000ff925c68,0x00000000ffe80000)
  to   space 11776K, 0% used [0x00000000fe780000,0x00000000fe780000,0x00000000ff300000)
 ParOldGen       total 214528K, used 198763K [0x00000000e0000000, 0x00000000ed180000, 0x00000000f5580000)
  object space 214528K, 92% used [0x00000000e0000000,0x00000000ec21ac28,0x00000000ed180000)
 Metaspace       used 83165K, capacity 86170K, committed 86912K, reserved 1124352K
  class space    used 11020K, capacity 11684K, committed 11904K, reserved 1048576K
Event: 141.991 GC heap after
Heap after GC invocations=57 (full 4):
 PSYoungGen      total 161280K, used 3744K [0x00000000f5580000, 0x0000000100000000, 0x0000000100000000)
  eden space 149504K, 0% used [0x00000000f5580000,0x00000000f5580000,0x00000000fe780000)
  from space 11776K, 31% used [0x00000000fe780000,0x00000000feb28020,0x00000000ff300000)
  to   space 11264K, 0% used [0x00000000ff500000,0x00000000ff500000,0x0000000100000000)
 ParOldGen       total 214528K, used 202868K [0x00000000e0000000, 0x00000000ed180000, 0x00000000f5580000)
  object space 214528K, 94% used [0x00000000e0000000,0x00000000ec61d140,0x00000000ed180000)
 Metaspace       used 83165K, capacity 86170K, committed 86912K, reserved 1124352K
  class space    used 11020K, capacity 11684K, committed 11904K, reserved 1048576K
}
Event: 142.698 GC heap before
{Heap before GC invocations=58 (full 4):
 PSYoungGen      total 161280K, used 153248K [0x00000000f5580000, 0x0000000100000000, 0x0000000100000000)
  eden space 149504K, 100% used [0x00000000f5580000,0x00000000fe780000,0x00000000fe780000)
  from space 11776K, 31% used [0x00000000fe780000,0x00000000feb28020,0x00000000ff300000)
  to   space 11264K, 0% used [0x00000000ff500000,0x00000000ff500000,0x0000000100000000)
 ParOldGen       total 214528K, used 202868K [0x00000000e0000000, 0x00000000ed180000, 0x00000000f5580000)
  object space 214528K, 94% used [0x00000000e0000000,0x00000000ec61d140,0x00000000ed180000)
 Metaspace       used 83183K, capacity 86170K, committed 86912K, reserved 1124352K
  class space    used 11020K, capacity 11684K, committed 11904K, reserved 1048576K
Event: 142.872 GC heap after
Heap after GC invocations=58 (full 4):
 PSYoungGen      total 162304K, used 3712K [0x00000000f5580000, 0x00000000fff80000, 0x0000000100000000)
  eden space 151552K, 0% used [0x00000000f5580000,0x00000000f5580000,0x00000000fe980000)
  from space 10752K, 34% used [0x00000000ff500000,0x00000000ff8a0040,0x00000000fff80000)
  to   space 11264K, 0% used [0x00000000fe980000,0x00000000fe980000,0x00000000ff480000)
 ParOldGen       total 214528K, used 204989K [0x00000000e0000000, 0x00000000ed180000, 0x00000000f5580000)
  object space 214528K, 95% used [0x00000000e0000000,0x00000000ec82f418,0x00000000ed180000)
 Metaspace       used 83183K, capacity 86170K, committed 86912K, reserved 1124352K
  class space    used 11020K, capacity 11684K, committed 11904K, reserved 1048576K
}
Event: 143.835 GC heap before
{Heap before GC invocations=59 (full 4):
 PSYoungGen      total 162304K, used 155264K [0x00000000f5580000, 0x00000000fff80000, 0x0000000100000000)
  eden space 151552K, 100% used [0x00000000f5580000,0x00000000fe980000,0x00000000fe980000)
  from space 10752K, 34% used [0x00000000ff500000,0x00000000ff8a0040,0x00000000fff80000)
  to   space 11264K, 0% used [0x00000000fe980000,0x00000000fe980000,0x00000000ff480000)
 ParOldGen       total 214528K, used 204989K [0x00000000e0000000, 0x00000000ed180000, 0x00000000f5580000)
  object space 214528K, 95% used [0x00000000e0000000,0x00000000ec82f418,0x00000000ed180000)
 Metaspace       used 83280K, capacity 86266K, committed 86912K, reserved 1124352K
  class space    used 11026K, capacity 11690K, committed 11904K, reserved 1048576K
Event: 143.876 GC heap after
Heap after GC invocations=59 (full 4):
 PSYoungGen      total 162816K, used 5369K [0x00000000f5580000, 0x00000000fff80000, 0x0000000100000000)
  eden space 151552K, 0% used [0x00000000f5580000,0x00000000f5580000,0x00000000fe980000)
  from space 11264K, 47% used [0x00000000fe980000,0x00000000feebe790,0x00000000ff480000)
  to   space 10752K, 0% used [0x00000000ff500000,0x00000000ff500000,0x00000000fff80000)
 ParOldGen       total 214528K, used 207205K [0x00000000e0000000, 0x00000000ed180000, 0x00000000f5580000)
  object space 214528K, 96% used [0x00000000e0000000,0x00000000eca59798,0x00000000ed180000)
 Metaspace       used 83280K, capacity 86266K, committed 86912K, reserved 1124352K
  class space    used 11026K, capacity 11690K, committed 11904K, reserved 1048576K
}
Event: 143.876 GC heap before
{Heap before GC invocations=60 (full 5):
 PSYoungGen      total 162816K, used 5369K [0x00000000f5580000, 0x00000000fff80000, 0x0000000100000000)
  eden space 151552K, 0% used [0x00000000f5580000,0x00000000f5580000,0x00000000fe980000)
  from space 11264K, 47% used [0x00000000fe980000,0x00000000feebe790,0x00000000ff480000)
  to   space 10752K, 0% used [0x00000000ff500000,0x00000000ff500000,0x00000000fff80000)
 ParOldGen       total 214528K, used 207205K [0x00000000e0000000, 0x00000000ed180000, 0x00000000f5580000)
  object space 214528K, 96% used [0x00000000e0000000,0x00000000eca59798,0x00000000ed180000)
 Metaspace       used 83280K, capacity 86266K, committed 86912K, reserved 1124352K
  class space    used 11026K, capacity 11690K, committed 11904K, reserved 1048576K
Event: 144.062 GC heap after
Heap after GC invocations=60 (full 5):
 PSYoungGen      total 162816K, used 0K [0x00000000f5580000, 0x00000000fff80000, 0x0000000100000000)
  eden space 151552K, 0% used [0x00000000f5580000,0x00000000f5580000,0x00000000fe980000)
  from space 11264K, 0% used [0x00000000fe980000,0x00000000fe980000,0x00000000ff480000)
  to   space 10752K, 0% used [0x00000000ff500000,0x00000000ff500000,0x00000000fff80000)
 ParOldGen       total 194048K, used 75167K [0x00000000e0000000, 0x00000000ebd80000, 0x00000000f5580000)
  object space 194048K, 38% used [0x00000000e0000000,0x00000000e4967c78,0x00000000ebd80000)
 Metaspace       used 83280K, capacity 86266K, committed 86912K, reserved 1124352K
  class space    used 11026K, capacity 11690K, committed 11904K, reserved 1048576K
}
Event: 151.977 GC heap before
{Heap before GC invocations=61 (full 5):
 PSYoungGen      total 162816K, used 151552K [0x00000000f5580000, 0x00000000fff80000, 0x0000000100000000)
  eden space 151552K, 100% used [0x00000000f5580000,0x00000000fe980000,0x00000000fe980000)
  from space 11264K, 0% used [0x00000000fe980000,0x00000000fe980000,0x00000000ff480000)
  to   space 10752K, 0% used [0x00000000ff500000,0x00000000ff500000,0x00000000fff80000)
 ParOldGen       total 194048K, used 75167K [0x00000000e0000000, 0x00000000ebd80000, 0x00000000f5580000)
  object space 194048K, 38% used [0x00000000e0000000,0x00000000e4967c78,0x00000000ebd80000)
 Metaspace       used 83408K, capacity 86432K, committed 87168K, reserved 1124352K
  class space    used 11033K, capacity 11697K, committed 11904K, reserved 1048576K
Event: 151.991 GC heap after
Heap after GC invocations=61 (full 5):
 PSYoungGen      total 163328K, used 2979K [0x00000000f5580000, 0x00000000fff80000, 0x0000000100000000)
  eden space 152576K, 0% used [0x00000000f5580000,0x00000000f5580000,0x00000000fea80000)
  from space 10752K, 27% used [0x00000000ff500000,0x00000000ff7e8ec0,0x00000000fff80000)
  to   space 10752K, 0% used [0x00000000fea80000,0x00000000fea80000,0x00000000ff500000)
 ParOldGen       total 194048K, used 75175K [0x00000000e0000000, 0x00000000ebd80000, 0x00000000f5580000)
  object space 194048K, 38% used [0x00000000e0000000,0x00000000e4969c78,0x00000000ebd80000)
 Metaspace       used 83408K, capacity 86432K, committed 87168K, reserved 1124352K
  class space    used 11033K, capacity 11697K, committed 11904K, reserved 1048576K
}

